action: GLOB, msg: packaging
cwd: /Users/smri/PycharmProjects/MLops_firstproject
cmd: /Users/smri/opt/anaconda3/envs/MLops_firstproject/bin/python setup.py sdist --formats=zip --dist-dir /Users/smri/PycharmProjects/MLops_firstproject/.tox/dist
running sdist
running egg_info
writing src.egg-info/PKG-INFO
writing dependency_links to src.egg-info/dependency_links.txt
writing top-level names to src.egg-info/top_level.txt
reading manifest file 'src.egg-info/SOURCES.txt'
writing manifest file 'src.egg-info/SOURCES.txt'
running check
/Users/smri/opt/anaconda3/envs/MLops_firstproject/lib/python3.6/distutils/dist.py:245: UserWarning: 'licence' distribution option is deprecated; use 'license'
  warnings.warn(msg)
/Users/smri/opt/anaconda3/envs/MLops_firstproject/lib/python3.6/distutils/dist.py:261: UserWarning: Unknown distribution option: 'package'
  warnings.warn(msg)
warning: check: missing required meta-data: url

warning: check: missing meta-data: if 'author' supplied, 'author_email' must be supplied too

creating src-0.0.1
creating src-0.0.1/src.egg-info
copying files to src-0.0.1...
copying README.md -> src-0.0.1
copying setup.py -> src-0.0.1
copying src.egg-info/PKG-INFO -> src-0.0.1/src.egg-info
copying src.egg-info/SOURCES.txt -> src-0.0.1/src.egg-info
copying src.egg-info/dependency_links.txt -> src-0.0.1/src.egg-info
copying src.egg-info/top_level.txt -> src-0.0.1/src.egg-info
Writing src-0.0.1/setup.cfg
creating /Users/smri/PycharmProjects/MLops_firstproject/.tox/dist
creating '/Users/smri/PycharmProjects/MLops_firstproject/.tox/dist/src-0.0.1.zip' and adding 'src-0.0.1' to it
adding 'src-0.0.1'
adding 'src-0.0.1/src.egg-info'
adding 'src-0.0.1/PKG-INFO'
adding 'src-0.0.1/README.md'
adding 'src-0.0.1/setup.py'
adding 'src-0.0.1/setup.cfg'
adding 'src-0.0.1/src.egg-info/PKG-INFO'
adding 'src-0.0.1/src.egg-info/SOURCES.txt'
adding 'src-0.0.1/src.egg-info/top_level.txt'
adding 'src-0.0.1/src.egg-info/dependency_links.txt'
removing 'src-0.0.1' (and everything under it)
